2014/10/15 02:41:04 [error] [exception.CException] exception 'CException' with message 'Alias "application.components.CustomUrlRules" is invalid. Make sure it points to an existing PHP file and the file is readable.' in D:\Wamp\www\framework\YiiBase.php:322
Stack trace:
#0 D:\Wamp\www\framework\YiiBase.php(196): YiiBase::import('application.com...', true)
#1 D:\Wamp\www\framework\web\CUrlManager.php(369): YiiBase::createComponent(Array)
#2 D:\Wamp\www\framework\web\CWebApplication.php(140): CUrlManager->parseUrl(Object(CHttpRequest))
#3 D:\Wamp\www\framework\base\CApplication.php(180): CWebApplication->processRequest()
#4 D:\Wamp\www\petadoption\index.php(13): CApplication->run()
#5 {main}
REQUEST_URI=/petadoption/index.php?r=site/index
HTTP_REFERER=http://localhost/petadoption/index.php?r=site/login
---
2014/10/16 04:04:02 [error] [exception.CException] exception 'CException' with message 'Property "CMenu.labelEncode" is not defined.' in D:\Wamp\www\framework\base\CComponent.php:173
Stack trace:
#0 D:\Wamp\www\framework\web\CWidgetFactory.php(161): CComponent->__set('labelEncode', false)
#1 D:\Wamp\www\framework\web\CBaseController.php(146): CWidgetFactory->createWidget(Object(SiteController), 'zii.widgets.CMe...', Array)
#2 D:\Wamp\www\framework\web\CBaseController.php(172): CBaseController->createWidget('zii.widgets.CMe...', Array)
#3 D:\Wamp\www\petadoption\protected\views\layouts\main.php(54): CBaseController->widget('zii.widgets.CMe...', Array)
#4 D:\Wamp\www\framework\web\CBaseController.php(126): require('D:\\Wamp\\www\\pet...')
#5 D:\Wamp\www\framework\web\CBaseController.php(95): CBaseController->renderInternal('D:\\Wamp\\www\\pet...', Array, true)
#6 D:\Wamp\www\framework\web\widgets\CContentDecorator.php(76): CBaseController->renderFile('D:\\Wamp\\www\\pet...', Array, true)
#7 D:\Wamp\www\framework\web\widgets\CContentDecorator.php(54): CContentDecorator->decorate('<div id="conten...')
#8 D:\Wamp\www\framework\web\widgets\COutputProcessor.php(44): CContentDecorator->processOutput('<div id="conten...')
#9 D:\Wamp\www\framework\web\CBaseController.php(206): COutputProcessor->run()
#10 D:\Wamp\www\framework\web\CBaseController.php(300): CBaseController->endWidget('CContentDecorat...')
#11 D:\Wamp\www\petadoption\protected\views\layouts\column1.php(6): CBaseController->endContent()
#12 D:\Wamp\www\framework\web\CBaseController.php(126): require('D:\\Wamp\\www\\pet...')
#13 D:\Wamp\www\framework\web\CBaseController.php(95): CBaseController->renderInternal('D:\\Wamp\\www\\pet...', Array, true)
#14 D:\Wamp\www\framework\web\CController.php(784): CBaseController->renderFile('D:\\Wamp\\www\\pet...', Array, true)
#15 D:\Wamp\www\petadoption\protected\controllers\SiteController.php(32): CController->render('index')
#16 D:\Wamp\www\framework\web\actions\CInlineAction.php(49): SiteController->actionIndex()
#17 D:\Wamp\www\framework\web\CController.php(308): CInlineAction->runWithParams(Array)
#18 D:\Wamp\www\framework\web\CController.php(286): CController->runAction(Object(CInlineAction))
#19 D:\Wamp\www\framework\web\CController.php(265): CController->runActionWithFilters(Object(CInlineAction), Array)
#20 D:\Wamp\www\framework\web\CWebApplication.php(282): CController->run('index')
#21 D:\Wamp\www\framework\web\CWebApplication.php(141): CWebApplication->runController('site/index')
#22 D:\Wamp\www\framework\base\CApplication.php(180): CWebApplication->processRequest()
#23 D:\Wamp\www\petadoption\index.php(13): CApplication->run()
#24 {main}
REQUEST_URI=/petadoption/en/site/index
---
2014/10/16 04:07:15 [error] [exception.CException] exception 'CException' with message 'Property "CMenu.labelEncode" is not defined.' in D:\Wamp\www\framework\base\CComponent.php:173
Stack trace:
#0 D:\Wamp\www\framework\web\CWidgetFactory.php(161): CComponent->__set('labelEncode', true)
#1 D:\Wamp\www\framework\web\CBaseController.php(146): CWidgetFactory->createWidget(Object(SiteController), 'zii.widgets.CMe...', Array)
#2 D:\Wamp\www\framework\web\CBaseController.php(172): CBaseController->createWidget('zii.widgets.CMe...', Array)
#3 D:\Wamp\www\petadoption\protected\views\layouts\main.php(54): CBaseController->widget('zii.widgets.CMe...', Array)
#4 D:\Wamp\www\framework\web\CBaseController.php(126): require('D:\\Wamp\\www\\pet...')
#5 D:\Wamp\www\framework\web\CBaseController.php(95): CBaseController->renderInternal('D:\\Wamp\\www\\pet...', Array, true)
#6 D:\Wamp\www\framework\web\widgets\CContentDecorator.php(76): CBaseController->renderFile('D:\\Wamp\\www\\pet...', Array, true)
#7 D:\Wamp\www\framework\web\widgets\CContentDecorator.php(54): CContentDecorator->decorate('<div id="conten...')
#8 D:\Wamp\www\framework\web\widgets\COutputProcessor.php(44): CContentDecorator->processOutput('<div id="conten...')
#9 D:\Wamp\www\framework\web\CBaseController.php(206): COutputProcessor->run()
#10 D:\Wamp\www\framework\web\CBaseController.php(300): CBaseController->endWidget('CContentDecorat...')
#11 D:\Wamp\www\petadoption\protected\views\layouts\column1.php(6): CBaseController->endContent()
#12 D:\Wamp\www\framework\web\CBaseController.php(126): require('D:\\Wamp\\www\\pet...')
#13 D:\Wamp\www\framework\web\CBaseController.php(95): CBaseController->renderInternal('D:\\Wamp\\www\\pet...', Array, true)
#14 D:\Wamp\www\framework\web\CController.php(784): CBaseController->renderFile('D:\\Wamp\\www\\pet...', Array, true)
#15 D:\Wamp\www\petadoption\protected\controllers\SiteController.php(32): CController->render('index')
#16 D:\Wamp\www\framework\web\actions\CInlineAction.php(49): SiteController->actionIndex()
#17 D:\Wamp\www\framework\web\CController.php(308): CInlineAction->runWithParams(Array)
#18 D:\Wamp\www\framework\web\CController.php(286): CController->runAction(Object(CInlineAction))
#19 D:\Wamp\www\framework\web\CController.php(265): CController->runActionWithFilters(Object(CInlineAction), Array)
#20 D:\Wamp\www\framework\web\CWebApplication.php(282): CController->run('index')
#21 D:\Wamp\www\framework\web\CWebApplication.php(141): CWebApplication->runController('site/index')
#22 D:\Wamp\www\framework\base\CApplication.php(180): CWebApplication->processRequest()
#23 D:\Wamp\www\petadoption\index.php(13): CApplication->run()
#24 {main}
REQUEST_URI=/petadoption/en/site/index
---
